<?xml version="1.0" encoding="UTF-8"?>
<!-- Generated by org.testng.reporters.JUnitReportReporter -->
<testsuite hostname="Rewok" failures="0" tests="12" name="CalcTest" time="23.793" errors="0" timestamp="2024-11-16T17:01:02 MSK" skipped="0">
  <testcase classname="CalcTest" name="negativeNumTest" time="1.273"/>
  <testcase classname="CalcTest" name="floatTest" time="1.553"/>
  <testcase classname="CalcTest" name="numButtonTest" time="1.724"/>
  <testcase classname="CalcTest" name="operationTest" time="1.138"/>
  <testcase classname="CalcTest" name="operationTest" time="1.139"/>
  <testcase classname="CalcTest" name="operationTest" time="1.108"/>
  <testcase classname="CalcTest" name="powTest" time="0.922"/>
  <testcase classname="CalcTest" name="backTest" time="2.351"/>
  <testcase classname="CalcTest" name="streamTest" time="1.628"/>
  <testcase classname="CalcTest" name="operationTest" time="1.190"/>
  <testcase classname="CalcTest" name="clearTest" time="1.124"/>
  <testcase classname="CalcTest" name="operationTest" time="8.643"/>
</testsuite> <!-- CalcTest -->
